{"timestamp":"2026-07-19T21:46:46.745Z","level":"info","message":"Request: POST /api/auth/login","data":{"ip":"::1","userAgent":"Mozilla/5.0 (Windows NT 10.0; Win64; x64) AppleWebKit/537.36 (KHTML, like Gecko) Chrome/150.0.0.0 Safari/537.36"}}
{"timestamp":"2026-07-19T21:46:47.371Z","level":"info","message":"Response: POST /api/auth/login 200","data":{"statusCode":200,"duration":"627ms"}}
{"timestamp":"2026-07-19T21:46:57.798Z","level":"info","message":"Request: POST /api/auth/login","data":{"ip":"::1","userAgent":"Mozilla/5.0 (Windows NT 10.0; Win64; x64) AppleWebKit/537.36 (KHTML, like Gecko) Chrome/150.0.0.0 Safari/537.36"}}
{"timestamp":"2026-07-19T21:46:57.809Z","level":"info","message":"Response: POST /api/auth/login 200","data":{"statusCode":200,"duration":"11ms"}}
{"timestamp":"2026-07-19T21:47:59.014Z","level":"info","message":"Request: POST /api/auth/login","data":{"ip":"::1","userAgent":"Mozilla/5.0 (Windows NT 10.0; Win64; x64) AppleWebKit/537.36 (KHTML, like Gecko) Cursor/3.12.17 Chrome/144.0.7559.236 Electron/40.10.3 Safari/537.36"}}
{"timestamp":"2026-07-19T21:47:59.019Z","level":"info","message":"Response: POST /api/auth/login 200","data":{"statusCode":200,"duration":"5ms"}}
{"timestamp":"2026-07-19T21:49:07.192Z","level":"info","message":"Request: GET /health","data":{"ip":"::1","userAgent":"Mozilla/5.0 (Windows NT 10.0; Win64; x64) AppleWebKit/537.36 (KHTML, like Gecko) Code/1.129.0 Chrome/148.0.7778.280 Electron/42.6.0 Safari/537.36"}}
{"timestamp":"2026-07-19T21:49:07.205Z","level":"info","message":"Response: GET /health 200","data":{"statusCode":200,"duration":"13ms"}}
{"timestamp":"2026-07-19T21:49:28.949Z","level":"info","message":"Request: GET /","data":{"ip":"::1","userAgent":"Mozilla/5.0 (Windows NT 10.0; Win64; x64) AppleWebKit/537.36 (KHTML, like Gecko) Code/1.129.0 Chrome/148.0.7778.280 Electron/42.6.0 Safari/537.36"}}
{"timestamp":"2026-07-19T21:49:28.952Z","level":"info","message":"Response: GET / 404","data":{"statusCode":404,"duration":"3ms"}}
{"timestamp":"2026-07-19T21:52:16.799Z","level":"info","message":"Request: GET /api/dashboard/stats","data":{"ip":"::1","userAgent":"Mozilla/5.0 (Windows NT 10.0; Win64; x64) AppleWebKit/537.36 (KHTML, like Gecko) Cursor/3.12.17 Chrome/144.0.7559.236 Electron/40.10.3 Safari/537.36"}}
{"timestamp":"2026-07-19T21:52:16.803Z","level":"info","message":"Response: GET /api/dashboard/stats 404","data":{"statusCode":404,"duration":"4ms"}}
{"timestamp":"2026-07-19T21:52:17.109Z","level":"info","message":"Request: GET /api/dashboard/stats","data":{"ip":"::1","userAgent":"Mozilla/5.0 (Windows NT 10.0; Win64; x64) AppleWebKit/537.36 (KHTML, like Gecko) Cursor/3.12.17 Chrome/144.0.7559.236 Electron/40.10.3 Safari/537.36"}}
{"timestamp":"2026-07-19T21:52:17.117Z","level":"info","message":"Response: GET /api/dashboard/stats 404","data":{"statusCode":404,"duration":"8ms"}}
{"timestamp":"2026-07-19T21:52:24.705Z","level":"info","message":"Request: POST /api/auth/login","data":{"ip":"::1","userAgent":"Mozilla/5.0 (Windows NT 10.0; Win64; x64) AppleWebKit/537.36 (KHTML, like Gecko) Code/1.129.0 Chrome/148.0.7778.280 Electron/42.6.0 Safari/537.36"}}
{"timestamp":"2026-07-19T21:52:24.712Z","level":"info","message":"Response: POST /api/auth/login 200","data":{"statusCode":200,"duration":"7ms"}}
{"timestamp":"2026-07-19T21:52:24.856Z","level":"info","message":"Request: GET /api/dashboard/stats","data":{"ip":"::1","userAgent":"Mozilla/5.0 (Windows NT 10.0; Win64; x64) AppleWebKit/537.36 (KHTML, like Gecko) Code/1.129.0 Chrome/148.0.7778.280 Electron/42.6.0 Safari/537.36"}}
{"timestamp":"2026-07-19T21:52:24.860Z","level":"info","message":"Response: GET /api/dashboard/stats 404","data":{"statusCode":404,"duration":"4ms"}}
{"timestamp":"2026-07-19T21:52:29.103Z","level":"info","message":"Request: GET /api/pos?page=1&limit=10&keyword=","data":{"ip":"::1","userAgent":"Mozilla/5.0 (Windows NT 10.0; Win64; x64) AppleWebKit/537.36 (KHTML, like Gecko) Code/1.129.0 Chrome/148.0.7778.280 Electron/42.6.0 Safari/537.36"}}
{"timestamp":"2026-07-19T21:52:29.106Z","level":"info","message":"Response: GET /api/pos?page=1&limit=10&keyword= 404","data":{"statusCode":404,"duration":"2ms"}}
{"timestamp":"2026-07-19T21:52:30.615Z","level":"info","message":"Request: GET /api/orders?page=1&limit=10&keyword=","data":{"ip":"::1","userAgent":"Mozilla/5.0 (Windows NT 10.0; Win64; x64) AppleWebKit/537.36 (KHTML, like Gecko) Code/1.129.0 Chrome/148.0.7778.280 Electron/42.6.0 Safari/537.36"}}
{"timestamp":"2026-07-19T21:52:30.629Z","level":"info","message":"Response: GET /api/orders?page=1&limit=10&keyword= 200","data":{"statusCode":200,"duration":"14ms","userId":1}}
{"timestamp":"2026-07-19T21:52:32.499Z","level":"info","message":"Request: GET /api/products?page=1&limit=10&keyword=","data":{"ip":"::1","userAgent":"Mozilla/5.0 (Windows NT 10.0; Win64; x64) AppleWebKit/537.36 (KHTML, like Gecko) Code/1.129.0 Chrome/148.0.7778.280 Electron/42.6.0 Safari/537.36"}}
{"timestamp":"2026-07-19T21:52:32.505Z","level":"info","message":"Response: GET /api/products?page=1&limit=10&keyword= 200","data":{"statusCode":200,"duration":"6ms","userId":1}}
{"timestamp":"2026-07-19T21:52:34.080Z","level":"info","message":"Request: GET /api/customers?page=1&limit=10&keyword=","data":{"ip":"::1","userAgent":"Mozilla/5.0 (Windows NT 10.0; Win64; x64) AppleWebKit/537.36 (KHTML, like Gecko) Code/1.129.0 Chrome/148.0.7778.280 Electron/42.6.0 Safari/537.36"}}
{"timestamp":"2026-07-19T21:52:34.085Z","level":"info","message":"Response: GET /api/customers?page=1&limit=10&keyword= 200","data":{"statusCode":200,"duration":"5ms","userId":1}}
{"timestamp":"2026-07-19T21:52:35.426Z","level":"info","message":"Request: GET /api/marketing?page=1&limit=10&keyword=","data":{"ip":"::1","userAgent":"Mozilla/5.0 (Windows NT 10.0; Win64; x64) AppleWebKit/537.36 (KHTML, like Gecko) Code/1.129.0 Chrome/148.0.7778.280 Electron/42.6.0 Safari/537.36"}}
{"timestamp":"2026-07-19T21:52:35.429Z","level":"info","message":"Response: GET /api/marketing?page=1&limit=10&keyword= 404","data":{"statusCode":404,"duration":"3ms"}}
{"timestamp":"2026-07-19T21:52:36.652Z","level":"info","message":"Request: GET /api/inventory?page=1&limit=10&keyword=","data":{"ip":"::1","userAgent":"Mozilla/5.0 (Windows NT 10.0; Win64; x64) AppleWebKit/537.36 (KHTML, like Gecko) Code/1.129.0 Chrome/148.0.7778.280 Electron/42.6.0 Safari/537.36"}}
{"timestamp":"2026-07-19T21:52:36.677Z","level":"info","message":"Response: GET /api/inventory?page=1&limit=10&keyword= 404","data":{"statusCode":404,"duration":"25ms"}}
{"timestamp":"2026-07-19T21:52:38.498Z","level":"info","message":"Request: GET /api/purchase?page=1&limit=10&keyword=","data":{"ip":"::1","userAgent":"Mozilla/5.0 (Windows NT 10.0; Win64; x64) AppleWebKit/537.36 (KHTML, like Gecko) Code/1.129.0 Chrome/148.0.7778.280 Electron/42.6.0 Safari/537.36"}}
{"timestamp":"2026-07-19T21:52:38.500Z","level":"info","message":"Response: GET /api/purchase?page=1&limit=10&keyword= 404","data":{"statusCode":404,"duration":"2ms"}}
{"timestamp":"2026-07-19T21:52:40.617Z","level":"info","message":"Request: GET /api/finance?page=1&limit=10&keyword=","data":{"ip":"::1","userAgent":"Mozilla/5.0 (Windows NT 10.0; Win64; x64) AppleWebKit/537.36 (KHTML, like Gecko) Code/1.129.0 Chrome/148.0.7778.280 Electron/42.6.0 Safari/537.36"}}
{"timestamp":"2026-07-19T21:52:40.622Z","level":"info","message":"Response: GET /api/finance?page=1&limit=10&keyword= 404","data":{"statusCode":404,"duration":"5ms"}}
{"timestamp":"2026-07-19T21:52:42.309Z","level":"info","message":"Request: GET /api/hr?page=1&limit=10&keyword=","data":{"ip":"::1","userAgent":"Mozilla/5.0 (Windows NT 10.0; Win64; x64) AppleWebKit/537.36 (KHTML, like Gecko) Code/1.129.0 Chrome/148.0.7778.280 Electron/42.6.0 Safari/537.36"}}
{"timestamp":"2026-07-19T21:52:42.311Z","level":"info","message":"Response: GET /api/hr?page=1&limit=10&keyword= 404","data":{"statusCode":404,"duration":"2ms"}}
{"timestamp":"2026-07-19T21:52:43.989Z","level":"info","message":"Request: GET /api/saas?page=1&limit=10&keyword=","data":{"ip":"::1","userAgent":"Mozilla/5.0 (Windows NT 10.0; Win64; x64) AppleWebKit/537.36 (KHTML, like Gecko) Code/1.129.0 Chrome/148.0.7778.280 Electron/42.6.0 Safari/537.36"}}
{"timestamp":"2026-07-19T21:52:43.991Z","level":"info","message":"Response: GET /api/saas?page=1&limit=10&keyword= 404","data":{"statusCode":404,"duration":"2ms"}}
{"timestamp":"2026-07-19T21:52:48.630Z","level":"info","message":"Request: GET /api/dashboard/stats","data":{"ip":"::1","userAgent":"Mozilla/5.0 (Windows NT 10.0; Win64; x64) AppleWebKit/537.36 (KHTML, like Gecko) Code/1.129.0 Chrome/148.0.7778.280 Electron/42.6.0 Safari/537.36"}}
{"timestamp":"2026-07-19T21:52:48.633Z","level":"info","message":"Response: GET /api/dashboard/stats 404","data":{"statusCode":404,"duration":"3ms"}}
{"timestamp":"2026-07-19T21:52:50.342Z","level":"info","message":"Request: GET /api/pos?page=1&limit=10&keyword=","data":{"ip":"::1","userAgent":"Mozilla/5.0 (Windows NT 10.0; Win64; x64) AppleWebKit/537.36 (KHTML, like Gecko) Code/1.129.0 Chrome/148.0.7778.280 Electron/42.6.0 Safari/537.36"}}
{"timestamp":"2026-07-19T21:52:50.343Z","level":"info","message":"Response: GET /api/pos?page=1&limit=10&keyword= 404","data":{"statusCode":404,"duration":"1ms"}}
{"timestamp":"2026-07-19T21:52:51.407Z","level":"info","message":"Request: GET /api/orders?page=1&limit=10&keyword=","data":{"ip":"::1","userAgent":"Mozilla/5.0 (Windows NT 10.0; Win64; x64) AppleWebKit/537.36 (KHTML, like Gecko) Code/1.129.0 Chrome/148.0.7778.280 Electron/42.6.0 Safari/537.36"}}
{"timestamp":"2026-07-19T21:52:51.410Z","level":"info","message":"Response: GET /api/orders?page=1&limit=10&keyword= 200","data":{"statusCode":200,"duration":"3ms","userId":1}}
{"timestamp":"2026-07-19T21:52:52.429Z","level":"info","message":"Request: GET /api/products?page=1&limit=10&keyword=","data":{"ip":"::1","userAgent":"Mozilla/5.0 (Windows NT 10.0; Win64; x64) AppleWebKit/537.36 (KHTML, like Gecko) Code/1.129.0 Chrome/148.0.7778.280 Electron/42.6.0 Safari/537.36"}}
{"timestamp":"2026-07-19T21:52:52.442Z","level":"info","message":"Response: GET /api/products?page=1&limit=10&keyword= 200","data":{"statusCode":200,"duration":"13ms","userId":1}}
{"timestamp":"2026-07-19T21:52:54.187Z","level":"info","message":"Request: GET /api/marketing?page=1&limit=10&keyword=","data":{"ip":"::1","userAgent":"Mozilla/5.0 (Windows NT 10.0; Win64; x64) AppleWebKit/537.36 (KHTML, like Gecko) Code/1.129.0 Chrome/148.0.7778.280 Electron/42.6.0 Safari/537.36"}}
{"timestamp":"2026-07-19T21:52:54.189Z","level":"info","message":"Response: GET /api/marketing?page=1&limit=10&keyword= 404","data":{"statusCode":404,"duration":"2ms"}}
{"timestamp":"2026-07-19T21:52:55.072Z","level":"info","message":"Request: GET /api/customers?page=1&limit=10&keyword=","data":{"ip":"::1","userAgent":"Mozilla/5.0 (Windows NT 10.0; Win64; x64) AppleWebKit/537.36 (KHTML, like Gecko) Code/1.129.0 Chrome/148.0.7778.280 Electron/42.6.0 Safari/537.36"}}
{"timestamp":"2026-07-19T21:52:55.076Z","level":"info","message":"Response: GET /api/customers?page=1&limit=10&keyword= 200","data":{"statusCode":200,"duration":"4ms","userId":1}}
{"timestamp":"2026-07-19T21:52:56.171Z","level":"info","message":"Request: GET /api/marketing?page=1&limit=10&keyword=","data":{"ip":"::1","userAgent":"Mozilla/5.0 (Windows NT 10.0; Win64; x64) AppleWebKit/537.36 (KHTML, like Gecko) Code/1.129.0 Chrome/148.0.7778.280 Electron/42.6.0 Safari/537.36"}}
{"timestamp":"2026-07-19T21:52:56.173Z","level":"info","message":"Response: GET /api/marketing?page=1&limit=10&keyword= 404","data":{"statusCode":404,"duration":"2ms"}}
{"timestamp":"2026-07-19T21:52:56.792Z","level":"info","message":"Request: GET /api/inventory?page=1&limit=10&keyword=","data":{"ip":"::1","userAgent":"Mozilla/5.0 (Windows NT 10.0; Win64; x64) AppleWebKit/537.36 (KHTML, like Gecko) Code/1.129.0 Chrome/148.0.7778.280 Electron/42.6.0 Safari/537.36"}}
{"timestamp":"2026-07-19T21:52:56.831Z","level":"info","message":"Response: GET /api/inventory?page=1&limit=10&keyword= 404","data":{"statusCode":404,"duration":"39ms"}}
{"timestamp":"2026-07-19T21:54:23.046Z","level":"info","message":"Request: GET /api/dashboard/stats","data":{"ip":"::1","userAgent":"Mozilla/5.0 (Windows NT 10.0; Win64; x64) AppleWebKit/537.36 (KHTML, like Gecko) Chrome/150.0.0.0 Safari/537.36"}}
{"timestamp":"2026-07-19T21:54:23.048Z","level":"info","message":"Response: GET /api/dashboard/stats 404","data":{"statusCode":404,"duration":"2ms"}}
{"timestamp":"2026-07-19T21:54:30.504Z","level":"info","message":"Request: GET /api/pos?page=1&limit=10&keyword=","data":{"ip":"::1","userAgent":"Mozilla/5.0 (Windows NT 10.0; Win64; x64) AppleWebKit/537.36 (KHTML, like Gecko) Chrome/150.0.0.0 Safari/537.36"}}
{"timestamp":"2026-07-19T21:54:30.506Z","level":"info","message":"Response: GET /api/pos?page=1&limit=10&keyword= 404","data":{"statusCode":404,"duration":"2ms"}}
{"timestamp":"2026-07-19T21:54:37.998Z","level":"info","message":"Request: GET /api/products?page=1&limit=10&keyword=","data":{"ip":"::1","userAgent":"Mozilla/5.0 (Windows NT 10.0; Win64; x64) AppleWebKit/537.36 (KHTML, like Gecko) Chrome/150.0.0.0 Safari/537.36"}}
{"timestamp":"2026-07-19T21:54:38.004Z","level":"info","message":"Response: GET /api/products?page=1&limit=10&keyword= 200","data":{"statusCode":200,"duration":"6ms","userId":1}}
{"timestamp":"2026-07-19T21:54:41.953Z","level":"info","message":"Request: GET /api/customers?page=1&limit=10&keyword=","data":{"ip":"::1","userAgent":"Mozilla/5.0 (Windows NT 10.0; Win64; x64) AppleWebKit/537.36 (KHTML, like Gecko) Chrome/150.0.0.0 Safari/537.36"}}
{"timestamp":"2026-07-19T21:54:41.957Z","level":"info","message":"Response: GET /api/customers?page=1&limit=10&keyword= 200","data":{"statusCode":200,"duration":"4ms","userId":1}}
{"timestamp":"2026-07-19T21:54:44.061Z","level":"info","message":"Request: GET /api/marketing?page=1&limit=10&keyword=","data":{"ip":"::1","userAgent":"Mozilla/5.0 (Windows NT 10.0; Win64; x64) AppleWebKit/537.36 (KHTML, like Gecko) Chrome/150.0.0.0 Safari/537.36"}}
{"timestamp":"2026-07-19T21:54:44.063Z","level":"info","message":"Response: GET /api/marketing?page=1&limit=10&keyword= 404","data":{"statusCode":404,"duration":"2ms"}}
{"timestamp":"2026-07-19T21:54:45.477Z","level":"info","message":"Request: GET /api/inventory?page=1&limit=10&keyword=","data":{"ip":"::1","userAgent":"Mozilla/5.0 (Windows NT 10.0; Win64; x64) AppleWebKit/537.36 (KHTML, like Gecko) Chrome/150.0.0.0 Safari/537.36"}}
{"timestamp":"2026-07-19T21:54:45.480Z","level":"info","message":"Response: GET /api/inventory?page=1&limit=10&keyword= 404","data":{"statusCode":404,"duration":"3ms"}}
{"timestamp":"2026-07-19T21:54:47.201Z","level":"info","message":"Request: GET /api/purchase?page=1&limit=10&keyword=","data":{"ip":"::1","userAgent":"Mozilla/5.0 (Windows NT 10.0; Win64; x64) AppleWebKit/537.36 (KHTML, like Gecko) Chrome/150.0.0.0 Safari/537.36"}}
{"timestamp":"2026-07-19T21:54:47.204Z","level":"info","message":"Response: GET /api/purchase?page=1&limit=10&keyword= 404","data":{"statusCode":404,"duration":"3ms"}}
{"timestamp":"2026-07-19T21:54:48.569Z","level":"info","message":"Request: GET /api/finance?page=1&limit=10&keyword=","data":{"ip":"::1","userAgent":"Mozilla/5.0 (Windows NT 10.0; Win64; x64) AppleWebKit/537.36 (KHTML, like Gecko) Chrome/150.0.0.0 Safari/537.36"}}
{"timestamp":"2026-07-19T21:54:48.573Z","level":"info","message":"Response: GET /api/finance?page=1&limit=10&keyword= 404","data":{"statusCode":404,"duration":"4ms"}}
{"timestamp":"2026-07-19T21:54:49.397Z","level":"info","message":"Request: GET /api/hr?page=1&limit=10&keyword=","data":{"ip":"::1","userAgent":"Mozilla/5.0 (Windows NT 10.0; Win64; x64) AppleWebKit/537.36 (KHTML, like Gecko) Chrome/150.0.0.0 Safari/537.36"}}
{"timestamp":"2026-07-19T21:54:49.399Z","level":"info","message":"Response: GET /api/hr?page=1&limit=10&keyword= 404","data":{"statusCode":404,"duration":"2ms"}}
{"timestamp":"2026-07-19T21:54:51.033Z","level":"info","message":"Request: GET /api/saas?page=1&limit=10&keyword=","data":{"ip":"::1","userAgent":"Mozilla/5.0 (Windows NT 10.0; Win64; x64) AppleWebKit/537.36 (KHTML, like Gecko) Chrome/150.0.0.0 Safari/537.36"}}
{"timestamp":"2026-07-19T21:54:51.035Z","level":"info","message":"Response: GET /api/saas?page=1&limit=10&keyword= 404","data":{"statusCode":404,"duration":"2ms"}}
{"timestamp":"2026-07-19T21:54:52.202Z","level":"info","message":"Request: GET /api/system?page=1&limit=10&keyword=","data":{"ip":"::1","userAgent":"Mozilla/5.0 (Windows NT 10.0; Win64; x64) AppleWebKit/537.36 (KHTML, like Gecko) Chrome/150.0.0.0 Safari/537.36"}}
{"timestamp":"2026-07-19T21:54:52.205Z","level":"info","message":"Response: GET /api/system?page=1&limit=10&keyword= 404","data":{"statusCode":404,"duration":"3ms"}}
{"timestamp":"2026-07-19T21:54:52.788Z","level":"info","message":"Request: GET /api/analytics?page=1&limit=10&keyword=","data":{"ip":"::1","userAgent":"Mozilla/5.0 (Windows NT 10.0; Win64; x64) AppleWebKit/537.36 (KHTML, like Gecko) Chrome/150.0.0.0 Safari/537.36"}}
{"timestamp":"2026-07-19T21:54:52.791Z","level":"info","message":"Response: GET /api/analytics?page=1&limit=10&keyword= 404","data":{"statusCode":404,"duration":"3ms"}}
{"timestamp":"2026-07-19T21:54:53.468Z","level":"info","message":"Request: GET /api/reports?page=1&limit=10&keyword=","data":{"ip":"::1","userAgent":"Mozilla/5.0 (Windows NT 10.0; Win64; x64) AppleWebKit/537.36 (KHTML, like Gecko) Chrome/150.0.0.0 Safari/537.36"}}
{"timestamp":"2026-07-19T21:54:53.474Z","level":"info","message":"Response: GET /api/reports?page=1&limit=10&keyword= 200","data":{"statusCode":200,"duration":"6ms","userId":1}}
{"timestamp":"2026-07-19T21:54:54.095Z","level":"info","message":"Request: GET /api/ai?page=1&limit=10&keyword=","data":{"ip":"::1","userAgent":"Mozilla/5.0 (Windows NT 10.0; Win64; x64) AppleWebKit/537.36 (KHTML, like Gecko) Chrome/150.0.0.0 Safari/537.36"}}
{"timestamp":"2026-07-19T21:54:54.097Z","level":"info","message":"Response: GET /api/ai?page=1&limit=10&keyword= 404","data":{"statusCode":404,"duration":"2ms"}}
{"timestamp":"2026-07-19T21:56:44.466Z","level":"info","message":"Request: GET /api/dashboard/stats","data":{"ip":"::1","userAgent":"Mozilla/5.0 (Windows NT 10.0; Win64; x64) AppleWebKit/537.36 (KHTML, like Gecko) Cursor/3.12.17 Chrome/144.0.7559.236 Electron/40.10.3 Safari/537.36"}}
{"timestamp":"2026-07-19T21:56:44.534Z","level":"info","message":"Response: GET /api/dashboard/stats 404","data":{"statusCode":404,"duration":"68ms"}}
{"timestamp":"2026-07-19T21:56:44.656Z","level":"info","message":"Request: GET /api/dashboard/stats","data":{"ip":"::1","userAgent":"Mozilla/5.0 (Windows NT 10.0; Win64; x64) AppleWebKit/537.36 (KHTML, like Gecko) Cursor/3.12.17 Chrome/144.0.7559.236 Electron/40.10.3 Safari/537.36"}}
{"timestamp":"2026-07-19T21:56:44.688Z","level":"info","message":"Response: GET /api/dashboard/stats 404","data":{"statusCode":404,"duration":"32ms"}}
{"timestamp":"2026-07-19T21:56:52.995Z","level":"info","message":"Request: GET /api/dashboard/stats","data":{"ip":"::1","userAgent":"Mozilla/5.0 (Windows NT 10.0; Win64; x64) AppleWebKit/537.36 (KHTML, like Gecko) Code/1.129.0 Chrome/148.0.7778.280 Electron/42.6.0 Safari/537.36"}}
{"timestamp":"2026-07-19T21:56:52.998Z","level":"info","message":"Response: GET /api/dashboard/stats 404","data":{"statusCode":404,"duration":"3ms"}}
{"timestamp":"2026-07-19T21:56:54.337Z","level":"info","message":"Request: GET /api/pos?page=1&limit=10&keyword=","data":{"ip":"::1","userAgent":"Mozilla/5.0 (Windows NT 10.0; Win64; x64) AppleWebKit/537.36 (KHTML, like Gecko) Code/1.129.0 Chrome/148.0.7778.280 Electron/42.6.0 Safari/537.36"}}
{"timestamp":"2026-07-19T21:56:54.339Z","level":"info","message":"Response: GET /api/pos?page=1&limit=10&keyword= 404","data":{"statusCode":404,"duration":"2ms"}}
{"timestamp":"2026-07-19T21:56:58.674Z","level":"info","message":"Request: GET /api/orders?page=1&limit=10&keyword=","data":{"ip":"::1","userAgent":"Mozilla/5.0 (Windows NT 10.0; Win64; x64) AppleWebKit/537.36 (KHTML, like Gecko) Code/1.129.0 Chrome/148.0.7778.280 Electron/42.6.0 Safari/537.36"}}
{"timestamp":"2026-07-19T21:56:58.679Z","level":"info","message":"Response: GET /api/orders?page=1&limit=10&keyword= 200","data":{"statusCode":200,"duration":"5ms","userId":1}}
{"timestamp":"2026-07-19T21:57:02.064Z","level":"info","message":"Request: GET /api/%20+%20'orders'%20+%20/returns","data":{"ip":"::1","userAgent":"Mozilla/5.0 (Windows NT 10.0; Win64; x64) AppleWebKit/537.36 (KHTML, like Gecko) Code/1.129.0 Chrome/148.0.7778.280 Electron/42.6.0 Safari/537.36"}}
{"timestamp":"2026-07-19T21:57:02.067Z","level":"info","message":"Response: GET /api/%20+%20'orders'%20+%20/returns 404","data":{"statusCode":404,"duration":"3ms"}}
{"timestamp":"2026-07-19T21:57:10.384Z","level":"info","message":"Request: GET /api/products?page=1&limit=10&keyword=","data":{"ip":"::1","userAgent":"Mozilla/5.0 (Windows NT 10.0; Win64; x64) AppleWebKit/537.36 (KHTML, like Gecko) Code/1.129.0 Chrome/148.0.7778.280 Electron/42.6.0 Safari/537.36"}}
{"timestamp":"2026-07-19T21:57:10.388Z","level":"info","message":"Response: GET /api/products?page=1&limit=10&keyword= 200","data":{"statusCode":200,"duration":"4ms","userId":1}}
{"timestamp":"2026-07-19T21:57:11.765Z","level":"info","message":"Request: GET /api/%20+%20'products'%20+%20/categories","data":{"ip":"::1","userAgent":"Mozilla/5.0 (Windows NT 10.0; Win64; x64) AppleWebKit/537.36 (KHTML, like Gecko) Code/1.129.0 Chrome/148.0.7778.280 Electron/42.6.0 Safari/537.36"}}
{"timestamp":"2026-07-19T21:57:11.769Z","level":"info","message":"Response: GET /api/%20+%20'products'%20+%20/categories 404","data":{"statusCode":404,"duration":"4ms"}}
{"timestamp":"2026-07-19T21:57:16.328Z","level":"info","message":"Request: GET /api/customers?page=1&limit=10&keyword=","data":{"ip":"::1","userAgent":"Mozilla/5.0 (Windows NT 10.0; Win64; x64) AppleWebKit/537.36 (KHTML, like Gecko) Code/1.129.0 Chrome/148.0.7778.280 Electron/42.6.0 Safari/537.36"}}
{"timestamp":"2026-07-19T21:57:16.333Z","level":"info","message":"Response: GET /api/customers?page=1&limit=10&keyword= 200","data":{"statusCode":200,"duration":"5ms","userId":1}}
{"timestamp":"2026-07-19T21:57:18.809Z","level":"info","message":"Request: GET /api/marketing?page=1&limit=10&keyword=","data":{"ip":"::1","userAgent":"Mozilla/5.0 (Windows NT 10.0; Win64; x64) AppleWebKit/537.36 (KHTML, like Gecko) Code/1.129.0 Chrome/148.0.7778.280 Electron/42.6.0 Safari/537.36"}}
{"timestamp":"2026-07-19T21:57:18.815Z","level":"info","message":"Response: GET /api/marketing?page=1&limit=10&keyword= 404","data":{"statusCode":404,"duration":"6ms"}}
{"timestamp":"2026-07-19T21:57:23.725Z","level":"info","message":"Request: GET /api/purchase?page=1&limit=10&keyword=","data":{"ip":"::1","userAgent":"Mozilla/5.0 (Windows NT 10.0; Win64; x64) AppleWebKit/537.36 (KHTML, like Gecko) Code/1.129.0 Chrome/148.0.7778.280 Electron/42.6.0 Safari/537.36"}}
{"timestamp":"2026-07-19T21:57:23.727Z","level":"info","message":"Response: GET /api/purchase?page=1&limit=10&keyword= 404","data":{"statusCode":404,"duration":"2ms"}}
{"timestamp":"2026-07-19T21:57:25.430Z","level":"info","message":"Request: GET /api/finance?page=1&limit=10&keyword=","data":{"ip":"::1","userAgent":"Mozilla/5.0 (Windows NT 10.0; Win64; x64) AppleWebKit/537.36 (KHTML, like Gecko) Code/1.129.0 Chrome/148.0.7778.280 Electron/42.6.0 Safari/537.36"}}
{"timestamp":"2026-07-19T21:57:25.432Z","level":"info","message":"Response: GET /api/finance?page=1&limit=10&keyword= 404","data":{"statusCode":404,"duration":"2ms"}}
{"timestamp":"2026-07-19T21:57:26.249Z","level":"info","message":"Request: GET /api/hr?page=1&limit=10&keyword=","data":{"ip":"::1","userAgent":"Mozilla/5.0 (Windows NT 10.0; Win64; x64) AppleWebKit/537.36 (KHTML, like Gecko) Code/1.129.0 Chrome/148.0.7778.280 Electron/42.6.0 Safari/537.36"}}
{"timestamp":"2026-07-19T21:57:26.252Z","level":"info","message":"Response: GET /api/hr?page=1&limit=10&keyword= 404","data":{"statusCode":404,"duration":"3ms"}}
{"timestamp":"2026-07-19T21:57:27.198Z","level":"info","message":"Request: GET /api/saas?page=1&limit=10&keyword=","data":{"ip":"::1","userAgent":"Mozilla/5.0 (Windows NT 10.0; Win64; x64) AppleWebKit/537.36 (KHTML, like Gecko) Code/1.129.0 Chrome/148.0.7778.280 Electron/42.6.0 Safari/537.36"}}
{"timestamp":"2026-07-19T21:57:27.200Z","level":"info","message":"Response: GET /api/saas?page=1&limit=10&keyword= 404","data":{"statusCode":404,"duration":"2ms"}}
{"timestamp":"2026-07-19T21:57:32.223Z","level":"info","message":"Request: GET /api/system?page=1&limit=10&keyword=","data":{"ip":"::1","userAgent":"Mozilla/5.0 (Windows NT 10.0; Win64; x64) AppleWebKit/537.36 (KHTML, like Gecko) Code/1.129.0 Chrome/148.0.7778.280 Electron/42.6.0 Safari/537.36"}}
{"timestamp":"2026-07-19T21:57:32.226Z","level":"info","message":"Response: GET /api/system?page=1&limit=10&keyword= 404","data":{"statusCode":404,"duration":"3ms"}}
{"timestamp":"2026-07-19T21:57:34.430Z","level":"info","message":"Request: GET /api/analytics?page=1&limit=10&keyword=","data":{"ip":"::1","userAgent":"Mozilla/5.0 (Windows NT 10.0; Win64; x64) AppleWebKit/537.36 (KHTML, like Gecko) Code/1.129.0 Chrome/148.0.7778.280 Electron/42.6.0 Safari/537.36"}}
{"timestamp":"2026-07-19T21:57:34.432Z","level":"info","message":"Response: GET /api/analytics?page=1&limit=10&keyword= 404","data":{"statusCode":404,"duration":"2ms"}}
{"timestamp":"2026-07-19T21:57:35.411Z","level":"info","message":"Request: GET /api/reports?page=1&limit=10&keyword=","data":{"ip":"::1","userAgent":"Mozilla/5.0 (Windows NT 10.0; Win64; x64) AppleWebKit/537.36 (KHTML, like Gecko) Code/1.129.0 Chrome/148.0.7778.280 Electron/42.6.0 Safari/537.36"}}
{"timestamp":"2026-07-19T21:57:35.416Z","level":"info","message":"Response: GET /api/reports?page=1&limit=10&keyword= 200","data":{"statusCode":200,"duration":"5ms","userId":1}}
{"timestamp":"2026-07-19T21:57:43.466Z","level":"info","message":"Request: GET /api/ai?page=1&limit=10&keyword=","data":{"ip":"::1","userAgent":"Mozilla/5.0 (Windows NT 10.0; Win64; x64) AppleWebKit/537.36 (KHTML, like Gecko) Code/1.129.0 Chrome/148.0.7778.280 Electron/42.6.0 Safari/537.36"}}
{"timestamp":"2026-07-19T21:57:43.469Z","level":"info","message":"Response: GET /api/ai?page=1&limit=10&keyword= 404","data":{"statusCode":404,"duration":"3ms"}}
{"timestamp":"2026-07-19T21:57:56.361Z","level":"info","message":"Request: GET /api/ai?page=1&limit=10&keyword=","data":{"ip":"::1","userAgent":"Mozilla/5.0 (Windows NT 10.0; Win64; x64) AppleWebKit/537.36 (KHTML, like Gecko) Code/1.129.0 Chrome/148.0.7778.280 Electron/42.6.0 Safari/537.36"}}
{"timestamp":"2026-07-19T21:57:56.363Z","level":"info","message":"Response: GET /api/ai?page=1&limit=10&keyword= 404","data":{"statusCode":404,"duration":"2ms"}}
{"timestamp":"2026-07-19T21:58:01.234Z","level":"info","message":"Request: GET /api/ai?page=1&limit=10&keyword=","data":{"ip":"::1","userAgent":"Mozilla/5.0 (Windows NT 10.0; Win64; x64) AppleWebKit/537.36 (KHTML, like Gecko) Code/1.129.0 Chrome/148.0.7778.280 Electron/42.6.0 Safari/537.36"}}
{"timestamp":"2026-07-19T21:58:01.237Z","level":"info","message":"Response: GET /api/ai?page=1&limit=10&keyword= 404","data":{"statusCode":404,"duration":"3ms"}}
{"timestamp":"2026-07-19T21:59:34.780Z","level":"info","message":"Request: GET /api/dashboard/stats","data":{"ip":"::1","userAgent":"Mozilla/5.0 (Windows NT 10.0; Win64; x64) AppleWebKit/537.36 (KHTML, like Gecko) Cursor/3.12.17 Chrome/144.0.7559.236 Electron/40.10.3 Safari/537.36"}}
{"timestamp":"2026-07-19T21:59:34.784Z","level":"info","message":"Response: GET /api/dashboard/stats 404","data":{"statusCode":404,"duration":"4ms"}}
{"timestamp":"2026-07-19T21:59:34.898Z","level":"info","message":"Request: GET /api/dashboard/stats","data":{"ip":"::1","userAgent":"Mozilla/5.0 (Windows NT 10.0; Win64; x64) AppleWebKit/537.36 (KHTML, like Gecko) Cursor/3.12.17 Chrome/144.0.7559.236 Electron/40.10.3 Safari/537.36"}}
{"timestamp":"2026-07-19T21:59:34.900Z","level":"info","message":"Response: GET /api/dashboard/stats 404","data":{"statusCode":404,"duration":"2ms"}}
{"timestamp":"2026-07-19T21:59:37.149Z","level":"info","message":"Request: GET /api/dashboard/stats","data":{"ip":"::1","userAgent":"Mozilla/5.0 (Windows NT 10.0; Win64; x64) AppleWebKit/537.36 (KHTML, like Gecko) Code/1.129.0 Chrome/148.0.7778.280 Electron/42.6.0 Safari/537.36"}}
{"timestamp":"2026-07-19T21:59:37.152Z","level":"info","message":"Response: GET /api/dashboard/stats 404","data":{"statusCode":404,"duration":"3ms"}}
{"timestamp":"2026-07-19T21:59:53.564Z","level":"info","message":"Request: GET /api/orders?page=1&limit=10&keyword=","data":{"ip":"::1","userAgent":"Mozilla/5.0 (Windows NT 10.0; Win64; x64) AppleWebKit/537.36 (KHTML, like Gecko) Code/1.129.0 Chrome/148.0.7778.280 Electron/42.6.0 Safari/537.36"}}
{"timestamp":"2026-07-19T21:59:53.568Z","level":"info","message":"Response: GET /api/orders?page=1&limit=10&keyword= 200","data":{"statusCode":200,"duration":"4ms","userId":1}}
{"timestamp":"2026-07-19T22:10:22.798Z","level":"info","message":"Request: GET /api/orders?page=1&limit=10&keyword=","data":{"ip":"::1","userAgent":"Mozilla/5.0 (Windows NT 10.0; Win64; x64) AppleWebKit/537.36 (KHTML, like Gecko) Code/1.129.0 Chrome/148.0.7778.280 Electron/42.6.0 Safari/537.36"}}
{"timestamp":"2026-07-19T22:10:22.851Z","level":"info","message":"Response: GET /api/orders?page=1&limit=10&keyword= 200","data":{"statusCode":200,"duration":"53ms","userId":1}}
